<182>Aug  9 12:12:15 172.16.0.4 MSWinEventLog	0	Security	0	Tue Aug  9 19 11 53 2011	4624	Microsoft-Windows-Security-Auditing	Unknown	Success	experiencecenter.qradar.ibm.test	Logon		An account was successfully logged on. ExperienceCenter=SuspiciousAccountModification    Subject:   Security ID:  S-1-5-18   Account Name:  badadmin   Account Domain:  ibmcloud.test   Logon ID:  0x3e7    Logon Type:   3    New Logon:   Security ID:  S-1-5-21-1343024091-1078145449-682003330-187717   Account Name:  tempuser   Account Domain:  CORP   Logon ID:  0x5d4b387d   Logon GUID:  {00000000-0000-0000-0000-000000000000}    Process Information:   Process ID:  0x288   Process Name:  C:\Windows\System32\lsass.exe    Network Information:   Workstation Name: qradartest1   Source Network Address: 172.16.0.4   Source Port:  123    Detailed Authentication Information:   Logon Process:  Advapi     Authentication Package: MICROSOFT_AUTHENTICATION_PACKAGE_V1_0   Transited Services: -   Package Name (NTLM only): -   Key Length:  0    This event
<182>Jan 07 12:34:53 TIGER-PC AgentDevice=WindowsLog	AgentLogFile=Microsoft-Windows-Sysmon/Operational	PluginVersion=7.2.8.136	Source=Microsoft-Windows-Sysmon	Computer=TIGER-PC	OriginatingComputer=TIGER-PC	User=SYSTEM	Domain=NT AUTHORITY	EventID=10	EventIDCode=10	EventType=4	EventCategory=10	RecordNumber=24631	TimeGenerated=1546864491	ExperienceCenter=Sysmon	Level=Informational	Keywords=0x8000000000000000	Task=SysmonTask-SYSMON_ACCESS_PROCESS	Opcode=Info	Message=Process accessed: RuleName:  UtcTime: 2019-01-07 12:34:51 TargetImage: C:\Windows\system32\lsass.exe GrantedAccess: 0x1010 CallTrace: C:\Windows\SYSTEM32\ntdll.dll+45d94|C:\Windows\system32\KERNELBASE.dll+b3a2|UNKNOWN(00F818E1)|UNKNOWN(00F81B7D)|UNKNOWN(00F81E5E)|UNKNOWN(00F82AD8)|UNKNOWN(00F619C5)|UNKNOWN(00F615A1)|UNKNOWN(00F61A37)|UNKNOWN(00F614D9)|UNKNOWN(008B7486)|UNKNOWN(008B73A0)|UNKNOWN(008B78A3)|C:\Windows\system32\kernel32.dll+53c45|C:\Windows\SYSTEM32\ntdll.dll+637f5|C:\Windows\SYSTEM32\ntdll.dll+637c8
Process Created a Thread into lsass Process - Sysmon (Exp Center)	Process Created a Thread into lsass Process
Process Created a Thread into lsass Process	Process Created a Thread into lsass Process
<182>Jan 07 12:41:44 TIGER-PC AgentDevice=WindowsLog	AgentLogFile=Microsoft-Windows-Sysmon/Operational	PluginVersion=7.2.8.136	Source=Microsoft-Windows-Sysmon	Computer=TIGER-PC.example.com	OriginatingComputer=10.0.4.15	User=SYSTEM	Domain=NT AUTHORITY	EventID=8	EventIDCode=8	EventType=4	EventCategory=8	RecordNumber=75017	TimeGenerated=1546864901	TimeWritten=1546864901	Level=Informational	Keywords=0x8000000000000000	Task=SysmonTask-SYSMON_CREATE_REMOTE_THREAD	Opcode=Info	Message=CreateRemoteThread detected: RuleName:  UtcTime: 2019-01-07 12:41:41.004 SourceProcessGuid: {40B85BEC-4852-5C33-0000-00100AA11200} SourceProcessId: 2228 SourceImage: C:\Users\tiger\AppData\Local\Temp\myLove.exe TargetProcessGuid: {40B85BEC-3BD8-5C33-0000-00107F690000} TargetProcessId: 496 TargetImage: C:\Windows\System32\lsass.exe NewThreadId: 2312 StartAddress: 0x00740000 StartModule:  ExperienceCenter=Sysmon
<182>Jan 07 12:41:44 TIGER-PC AgentDevice=WindowsLog	AgentLogFile=Microsoft-Windows-Sysmon/Operational	PluginVersion=7.2.8.136	Source=Microsoft-Windows-Sysmon	Computer=TIGER-PC.example.com	OriginatingComputer=10.0.4.15	User=SYSTEM	Domain=NT AUTHORITY	EventID=8	EventIDCode=8	EventType=4	EventCategory=8	RecordNumber=75018	TimeGenerated=1546864901	TimeWritten=1546864901	Level=Informational	Keywords=0x8000000000000000	Task=SysmonTask-SYSMON_CREATE_REMOTE_THREAD	Opcode=Info	Message=CreateRemoteThread detected: RuleName:  UtcTime: 2019-01-07 12:41:41.004 SourceProcessGuid: {40B85BEC-4852-5C33-0000-00100AA11200} SourceProcessId: 2228 SourceImage: C:\Users\tiger\AppData\Local\Temp\myLove.exe TargetProcessGuid: {40B85BEC-3BD8-5C33-0000-00107F690000} TargetProcessId: 496 TargetImage: C:\Windows\System32\lsass.exe NewThreadId: 2940 StartAddress: 0x00740000 StartModule:  ExperienceCenter=Sysmon